[ 2016-01-21T21:58:22+08:00 ] ::1 /wonder4/Public/bootstrap/fonts/fontawesome-webfont.woff2?v=4.4.0
INFO: [ app_init ] --START--
INFO: Run Behavior\BuildLiteBehavior [ RunTime:0.000026s ]
INFO: [ app_init ] --END-- [ RunTime:0.000482s ]
ERR: 无法加载模块:Public

[ 2016-01-21T21:58:23+08:00 ] ::1 /wonder4/Public/bootstrap/fonts/fontawesome-webfont.woff?v=4.4.0
INFO: [ app_init ] --START--
INFO: Run Behavior\BuildLiteBehavior [ RunTime:0.000015s ]
INFO: [ app_init ] --END-- [ RunTime:0.000405s ]
ERR: 无法加载模块:Public

[ 2016-01-21T21:58:23+08:00 ] ::1 /wonder4/Public/bootstrap/fonts/fontawesome-webfont.ttf?v=4.4.0
INFO: [ app_init ] --START--
INFO: Run Behavior\BuildLiteBehavior [ RunTime:0.000022s ]
INFO: [ app_init ] --END-- [ RunTime:0.000520s ]
ERR: 无法加载模块:Public

[ 2016-01-21T22:21:20+08:00 ] 192.168.8.6 /wonder4/Public/bootstrap/fonts/fontawesome-webfont.woff?v=4.4.0
INFO: [ app_init ] --START--
INFO: Run Behavior\BuildLiteBehavior [ RunTime:0.000020s ]
INFO: [ app_init ] --END-- [ RunTime:0.000535s ]
ERR: 无法加载模块:Public

[ 2016-01-21T22:21:20+08:00 ] 192.168.8.6 /wonder4/Public/bootstrap/fonts/fontawesome-webfont.ttf?v=4.4.0
INFO: [ app_init ] --START--
INFO: Run Behavior\BuildLiteBehavior [ RunTime:0.000015s ]
INFO: [ app_init ] --END-- [ RunTime:0.000590s ]
ERR: 无法加载模块:Public

[ 2016-01-21T22:21:20+08:00 ] 192.168.8.6 /wonder4/Public/bootstrap/fonts/fontawesome-webfont.svg?v=4.4.0
INFO: [ app_init ] --START--
INFO: Run Behavior\BuildLiteBehavior [ RunTime:0.000017s ]
INFO: [ app_init ] --END-- [ RunTime:0.000615s ]
ERR: 无法加载模块:Public

[ 2016-01-21T22:22:36+08:00 ] 192.168.8.6 /wonder4/Public/bootstrap/fonts/fontawesome-webfont.woff?v=4.4.0
INFO: [ app_init ] --START--
INFO: Run Behavior\BuildLiteBehavior [ RunTime:0.000013s ]
INFO: [ app_init ] --END-- [ RunTime:0.000502s ]
ERR: 无法加载模块:Public

[ 2016-01-21T22:22:36+08:00 ] 192.168.8.6 /wonder4/Public/bootstrap/fonts/fontawesome-webfont.ttf?v=4.4.0
INFO: [ app_init ] --START--
INFO: Run Behavior\BuildLiteBehavior [ RunTime:0.000014s ]
INFO: [ app_init ] --END-- [ RunTime:0.000493s ]
ERR: 无法加载模块:Public

[ 2016-01-21T22:22:36+08:00 ] 192.168.8.6 /wonder4/Public/bootstrap/fonts/fontawesome-webfont.svg?v=4.4.0
INFO: [ app_init ] --START--
INFO: Run Behavior\BuildLiteBehavior [ RunTime:0.000015s ]
INFO: [ app_init ] --END-- [ RunTime:0.000542s ]
ERR: 无法加载模块:Public

[ 2016-01-21T22:23:04+08:00 ] 192.168.8.5 /wonder4/Public/bootstrap/fonts/fontawesome-webfont.woff2?v=4.4.0
INFO: [ app_init ] --START--
INFO: Run Behavior\BuildLiteBehavior [ RunTime:0.000024s ]
INFO: [ app_init ] --END-- [ RunTime:0.000588s ]
ERR: 无法加载模块:Public

[ 2016-01-21T22:23:04+08:00 ] 192.168.8.5 /wonder4/Public/bootstrap/fonts/fontawesome-webfont.woff?v=4.4.0
INFO: [ app_init ] --START--
INFO: Run Behavior\BuildLiteBehavior [ RunTime:0.000032s ]
INFO: [ app_init ] --END-- [ RunTime:0.000953s ]
ERR: 无法加载模块:Public

[ 2016-01-21T22:23:04+08:00 ] 192.168.8.5 /wonder4/Public/bootstrap/fonts/fontawesome-webfont.ttf?v=4.4.0
INFO: [ app_init ] --START--
INFO: Run Behavior\BuildLiteBehavior [ RunTime:0.000019s ]
INFO: [ app_init ] --END-- [ RunTime:0.000497s ]
ERR: 无法加载模块:Public

[ 2016-01-21T22:37:36+08:00 ] 192.168.8.6 /wonder4/Public/bootstrap/fonts/fontawesome-webfont.woff?v=4.4.0
INFO: [ app_init ] --START--
INFO: Run Behavior\BuildLiteBehavior [ RunTime:0.000043s ]
INFO: [ app_init ] --END-- [ RunTime:0.001329s ]
ERR: 无法加载模块:Public

[ 2016-01-21T22:37:36+08:00 ] 192.168.8.6 /wonder4/Public/bootstrap/fonts/fontawesome-webfont.ttf?v=4.4.0
INFO: [ app_init ] --START--
INFO: Run Behavior\BuildLiteBehavior [ RunTime:0.000012s ]
INFO: [ app_init ] --END-- [ RunTime:0.000298s ]
ERR: 无法加载模块:Public

[ 2016-01-21T22:37:36+08:00 ] 192.168.8.6 /wonder4/Public/bootstrap/fonts/fontawesome-webfont.svg?v=4.4.0
INFO: [ app_init ] --START--
INFO: Run Behavior\BuildLiteBehavior [ RunTime:0.000019s ]
INFO: [ app_init ] --END-- [ RunTime:0.000504s ]
ERR: 无法加载模块:Public

