[ 2016-01-10T17:49:30+08:00 ] ::1 /microhelper/2/upfiles/image/20160110/1452419370518274.png
INFO: [ app_init ] --START--
INFO: Run Behavior\BuildLiteBehavior [ RunTime:0.000028s ]
INFO: [ app_init ] --END-- [ RunTime:0.000755s ]
ERR: 无法加载模块:Upfiles

[ 2016-01-10T17:49:43+08:00 ] ::1 /microhelper/2/upfiles/image/20160110/1452419383290980.jpg
INFO: [ app_init ] --START--
INFO: Run Behavior\BuildLiteBehavior [ RunTime:0.000029s ]
INFO: [ app_init ] --END-- [ RunTime:0.000800s ]
ERR: 无法加载模块:Upfiles

[ 2016-01-10T22:58:23+08:00 ] ::1 /microhelper/2/Public/ueditor/third-party/SyntaxHighlighter/SyntaxHighlighter/shCoreDefaultshCore.js
INFO: [ app_init ] --START--
INFO: Run Behavior\BuildLiteBehavior [ RunTime:0.000017s ]
INFO: [ app_init ] --END-- [ RunTime:0.000621s ]
ERR: 无法加载模块:Public

[ 2016-01-10T22:58:25+08:00 ] ::1 /microhelper/2/Public/ueditor/third-party/SyntaxHighlighter/SyntaxHighlighter/shCoreDefaultshCore.js
INFO: [ app_init ] --START--
INFO: Run Behavior\BuildLiteBehavior [ RunTime:0.000022s ]
INFO: [ app_init ] --END-- [ RunTime:0.000573s ]
ERR: 无法加载模块:Public

[ 2016-01-10T22:58:49+08:00 ] ::1 /microhelper/2/Public/ueditor/third-party/SyntaxHighlighter/SyntaxHighlighter/shCoreDefaultshCore.js
INFO: [ app_init ] --START--
INFO: Run Behavior\BuildLiteBehavior [ RunTime:0.000025s ]
INFO: [ app_init ] --END-- [ RunTime:0.000597s ]
ERR: 无法加载模块:Public

[ 2016-01-10T22:58:56+08:00 ] ::1 /microhelper/2/Public/ueditor/third-party/SyntaxHighlighter/SyntaxHighlighter/shCoreDefaultshCore.js
INFO: [ app_init ] --START--
INFO: Run Behavior\BuildLiteBehavior [ RunTime:0.000027s ]
INFO: [ app_init ] --END-- [ RunTime:0.000686s ]
ERR: 无法加载模块:Public

[ 2016-01-10T22:59:46+08:00 ] ::1 /microhelper/2/Public/ueditor/third-party/shCoreDefault.css
INFO: [ app_init ] --START--
INFO: Run Behavior\BuildLiteBehavior [ RunTime:0.000023s ]
INFO: [ app_init ] --END-- [ RunTime:0.000483s ]
ERR: 无法加载模块:Public

[ 2016-01-10T22:59:46+08:00 ] ::1 /microhelper/2/Public/ueditor/third-party/SyntaxHighlighter/shCoreDefaultshCore.js
INFO: [ app_init ] --START--
INFO: Run Behavior\BuildLiteBehavior [ RunTime:0.000026s ]
INFO: [ app_init ] --END-- [ RunTime:0.000619s ]
ERR: 无法加载模块:Public

[ 2016-01-10T23:00:48+08:00 ] ::1 /microhelper/2/Public/ueditor/third-party/SyntaxHighlighter/shCoreDefaultshCore.js
INFO: [ app_init ] --START--
INFO: Run Behavior\BuildLiteBehavior [ RunTime:0.000021s ]
INFO: [ app_init ] --END-- [ RunTime:0.000558s ]
ERR: 无法加载模块:Public

[ 2016-01-10T23:00:52+08:00 ] ::1 /microhelper/2/Public/ueditor/third-party/SyntaxHighlighter/shCoreDefaultshCore.js
INFO: [ app_init ] --START--
INFO: Run Behavior\BuildLiteBehavior [ RunTime:0.000014s ]
INFO: [ app_init ] --END-- [ RunTime:0.000332s ]
ERR: 无法加载模块:Public

