[ 2015-12-28T20:43:32+08:00 ] ::1 /microhelper/2/admin/menu/index
INFO: [ app_init ] --START--
INFO: Run Behavior\BuildLiteBehavior [ RunTime:0.000017s ]
INFO: [ app_init ] --END-- [ RunTime:0.000479s ]
INFO: [ app_begin ] --START--
INFO: Run Behavior\ReadHtmlCacheBehavior [ RunTime:0.000635s ]
INFO: [ app_begin ] --END-- [ RunTime:0.000708s ]
NOTIC: [2048] Non-static method Admin\Model\FunctionsModel::GetCityNameByLocation() should not be called statically, assuming $this from incompatible context D:\99 CodeBitch\08PHPWebRoot\microhelper\2\Apps\Admin\Controller\MenuController.class.php 第 13 行.
NOTIC: [2048] Non-static method Admin\Model\FunctionsModel::WeatherService() should not be called statically, assuming $this from incompatible context D:\99 CodeBitch\08PHPWebRoot\microhelper\2\Apps\Admin\Controller\MenuController.class.php 第 17 行.
NOTIC: [2048] Non-static method Admin\Model\FunctionsModel::GetPM25ByCityName() should not be called statically, assuming $this from incompatible context D:\99 CodeBitch\08PHPWebRoot\microhelper\2\Apps\Admin\Model\FunctionsModel.class.php 第 31 行.
NOTIC: [2048] Non-static method Admin\Model\FunctionsModel::SplicingWeatherText() should not be called statically, assuming $this from incompatible context D:\99 CodeBitch\08PHPWebRoot\microhelper\2\Apps\Admin\Model\FunctionsModel.class.php 第 35 行.
INFO: [ app_end ] --START--
INFO: Run Behavior\ShowPageTraceBehavior [ RunTime:0.000651s ]
INFO: [ app_end ] --END-- [ RunTime:0.000713s ]

[ 2015-12-28T20:44:25+08:00 ] ::1 /microhelper/2/admin/menu/index
INFO: [ app_init ] --START--
INFO: Run Behavior\BuildLiteBehavior [ RunTime:0.000015s ]
INFO: [ app_init ] --END-- [ RunTime:0.000387s ]
INFO: [ app_begin ] --START--
INFO: Run Behavior\ReadHtmlCacheBehavior [ RunTime:0.000902s ]
INFO: [ app_begin ] --END-- [ RunTime:0.000990s ]
NOTIC: [2048] Non-static method Admin\Model\FunctionsModel::GetCityNameByLocation() should not be called statically, assuming $this from incompatible context D:\99 CodeBitch\08PHPWebRoot\microhelper\2\Apps\Admin\Controller\MenuController.class.php 第 13 行.
NOTIC: [2048] Non-static method Admin\Model\FunctionsModel::WeatherService() should not be called statically, assuming $this from incompatible context D:\99 CodeBitch\08PHPWebRoot\microhelper\2\Apps\Admin\Controller\MenuController.class.php 第 17 行.
NOTIC: [2048] Non-static method Admin\Model\FunctionsModel::GetPM25ByCityName() should not be called statically, assuming $this from incompatible context D:\99 CodeBitch\08PHPWebRoot\microhelper\2\Apps\Admin\Model\FunctionsModel.class.php 第 33 行.
NOTIC: [2048] Non-static method Admin\Model\FunctionsModel::SplicingWeatherText() should not be called statically, assuming $this from incompatible context D:\99 CodeBitch\08PHPWebRoot\microhelper\2\Apps\Admin\Model\FunctionsModel.class.php 第 37 行.
INFO: [ app_end ] --START--
INFO: Run Behavior\ShowPageTraceBehavior [ RunTime:0.000510s ]
INFO: [ app_end ] --END-- [ RunTime:0.000555s ]

