[ 2015-12-26T21:55:19+08:00 ] ::1 /microhelper/2/admin/menu/index
INFO: [ app_init ] --START--
INFO: Run Behavior\BuildLiteBehavior [ RunTime:0.000016s ]
INFO: [ app_init ] --END-- [ RunTime:0.000499s ]
INFO: [ app_begin ] --START--
INFO: Run Behavior\ReadHtmlCacheBehavior [ RunTime:0.000532s ]
INFO: [ app_begin ] --END-- [ RunTime:0.000581s ]
NOTIC: [2048] Non-static method Admin\Model\FunctionsModel::GetCityNameByLocation() should not be called statically, assuming $this from incompatible context D:\99 CodeBitch\08PHPWebRoot\microhelper\2\Apps\Admin\Controller\MenuController.class.php 第 13 行.
ERR: 系统不支持:memcache

[ 2015-12-26T21:56:20+08:00 ] ::1 /microhelper/2/admin/menu/index
INFO: [ app_init ] --START--
INFO: Run Behavior\BuildLiteBehavior [ RunTime:0.000014s ]
INFO: [ app_init ] --END-- [ RunTime:0.000506s ]
INFO: [ app_begin ] --START--
INFO: Run Behavior\ReadHtmlCacheBehavior [ RunTime:0.002657s ]
INFO: [ app_begin ] --END-- [ RunTime:0.002732s ]
NOTIC: [2048] Non-static method Admin\Model\FunctionsModel::GetCityNameByLocation() should not be called statically, assuming $this from incompatible context D:\99 CodeBitch\08PHPWebRoot\microhelper\2\Apps\Admin\Controller\MenuController.class.php 第 13 行.
ERR: 系统不支持:Xcache

[ 2015-12-26T21:56:42+08:00 ] ::1 /microhelper/2/admin/menu/index
INFO: [ app_init ] --START--
INFO: Run Behavior\BuildLiteBehavior [ RunTime:0.000014s ]
INFO: [ app_init ] --END-- [ RunTime:0.000460s ]
INFO: [ app_begin ] --START--
INFO: Run Behavior\ReadHtmlCacheBehavior [ RunTime:0.000503s ]
INFO: [ app_begin ] --END-- [ RunTime:0.000545s ]
NOTIC: [2048] Non-static method Admin\Model\FunctionsModel::GetCityNameByLocation() should not be called statically, assuming $this from incompatible context D:\99 CodeBitch\08PHPWebRoot\microhelper\2\Apps\Admin\Controller\MenuController.class.php 第 13 行.
NOTIC: [2048] Non-static method Admin\Model\FunctionsModel::WeatherService() should not be called statically, assuming $this from incompatible context D:\99 CodeBitch\08PHPWebRoot\microhelper\2\Apps\Admin\Controller\MenuController.class.php 第 17 行.
NOTIC: [2048] Non-static method Admin\Model\FunctionsModel::SplicingWeatherText() should not be called statically, assuming $this from incompatible context D:\99 CodeBitch\08PHPWebRoot\microhelper\2\Apps\Admin\Model\FunctionsModel.class.php 第 25 行.
INFO: [ app_end ] --START--
INFO: Run Behavior\ShowPageTraceBehavior [ RunTime:0.000793s ]
INFO: [ app_end ] --END-- [ RunTime:0.000855s ]

[ 2015-12-26T22:00:06+08:00 ] ::1 /microhelper/2/admin/menu/index
INFO: [ app_init ] --START--
INFO: Run Behavior\BuildLiteBehavior [ RunTime:0.000020s ]
INFO: [ app_init ] --END-- [ RunTime:0.000534s ]
INFO: [ app_begin ] --START--
INFO: Run Behavior\ReadHtmlCacheBehavior [ RunTime:0.000516s ]
INFO: [ app_begin ] --END-- [ RunTime:0.000568s ]
NOTIC: [2048] Non-static method Admin\Model\FunctionsModel::GetCityNameByLocation() should not be called statically, assuming $this from incompatible context D:\99 CodeBitch\08PHPWebRoot\microhelper\2\Apps\Admin\Controller\MenuController.class.php 第 13 行.
NOTIC: [8] Trying to get property of non-object D:\99 CodeBitch\08PHPWebRoot\microhelper\2\Apps\Admin\Model\FunctionsModel.class.php 第 35 行.
NOTIC: [8] Trying to get property of non-object D:\99 CodeBitch\08PHPWebRoot\microhelper\2\Apps\Admin\Model\FunctionsModel.class.php 第 56 行.
INFO: [ app_end ] --START--
INFO: Run Behavior\ShowPageTraceBehavior [ RunTime:0.000461s ]
INFO: [ app_end ] --END-- [ RunTime:0.000503s ]

[ 2015-12-26T22:01:58+08:00 ] ::1 /microhelper/2/admin/menu/index
INFO: [ app_init ] --START--
INFO: Run Behavior\BuildLiteBehavior [ RunTime:0.000013s ]
INFO: [ app_init ] --END-- [ RunTime:0.000385s ]
INFO: [ app_begin ] --START--
INFO: Run Behavior\ReadHtmlCacheBehavior [ RunTime:0.000531s ]
INFO: [ app_begin ] --END-- [ RunTime:0.000580s ]
NOTIC: [2048] Non-static method Admin\Model\FunctionsModel::GetCityNameByLocation() should not be called statically, assuming $this from incompatible context D:\99 CodeBitch\08PHPWebRoot\microhelper\2\Apps\Admin\Controller\MenuController.class.php 第 13 行.
NOTIC: [8] Trying to get property of non-object D:\99 CodeBitch\08PHPWebRoot\microhelper\2\Apps\Admin\Model\FunctionsModel.class.php 第 35 行.
NOTIC: [8] Trying to get property of non-object D:\99 CodeBitch\08PHPWebRoot\microhelper\2\Apps\Admin\Model\FunctionsModel.class.php 第 36 行.
NOTIC: [8] Trying to get property of non-object D:\99 CodeBitch\08PHPWebRoot\microhelper\2\Apps\Admin\Model\FunctionsModel.class.php 第 57 行.
INFO: [ app_end ] --START--
INFO: Run Behavior\ShowPageTraceBehavior [ RunTime:0.000481s ]
INFO: [ app_end ] --END-- [ RunTime:0.000528s ]

[ 2015-12-26T22:02:24+08:00 ] ::1 /microhelper/2/admin/menu/index
INFO: [ app_init ] --START--
INFO: Run Behavior\BuildLiteBehavior [ RunTime:0.000021s ]
INFO: [ app_init ] --END-- [ RunTime:0.000444s ]
INFO: [ app_begin ] --START--
INFO: Run Behavior\ReadHtmlCacheBehavior [ RunTime:0.000406s ]
INFO: [ app_begin ] --END-- [ RunTime:0.000452s ]

[ 2015-12-26T22:03:42+08:00 ] ::1 /microhelper/2/admin/menu/index
INFO: [ app_init ] --START--
INFO: Run Behavior\BuildLiteBehavior [ RunTime:0.000013s ]
INFO: [ app_init ] --END-- [ RunTime:0.000361s ]
INFO: [ app_begin ] --START--
INFO: Run Behavior\ReadHtmlCacheBehavior [ RunTime:0.000393s ]
INFO: [ app_begin ] --END-- [ RunTime:0.000437s ]

[ 2015-12-26T22:04:20+08:00 ] ::1 /microhelper/2/admin/menu/index
INFO: [ app_init ] --START--
INFO: Run Behavior\BuildLiteBehavior [ RunTime:0.000029s ]
INFO: [ app_init ] --END-- [ RunTime:0.000781s ]
INFO: [ app_begin ] --START--
INFO: Run Behavior\ReadHtmlCacheBehavior [ RunTime:0.000836s ]
INFO: [ app_begin ] --END-- [ RunTime:0.000927s ]

[ 2015-12-26T22:04:37+08:00 ] ::1 /microhelper/2/admin/menu/index
INFO: [ app_init ] --START--
INFO: Run Behavior\BuildLiteBehavior [ RunTime:0.000018s ]
INFO: [ app_init ] --END-- [ RunTime:0.000349s ]
INFO: [ app_begin ] --START--
INFO: Run Behavior\ReadHtmlCacheBehavior [ RunTime:0.000779s ]
INFO: [ app_begin ] --END-- [ RunTime:0.000912s ]

[ 2015-12-26T22:04:45+08:00 ] ::1 /microhelper/2/admin/menu/index
INFO: [ app_init ] --START--
INFO: Run Behavior\BuildLiteBehavior [ RunTime:0.000012s ]
INFO: [ app_init ] --END-- [ RunTime:0.000365s ]
INFO: [ app_begin ] --START--
INFO: Run Behavior\ReadHtmlCacheBehavior [ RunTime:0.000406s ]
INFO: [ app_begin ] --END-- [ RunTime:0.000450s ]
NOTIC: [2048] Non-static method Admin\Model\FunctionsModel::GetCityNameByLocation() should not be called statically, assuming $this from incompatible context D:\99 CodeBitch\08PHPWebRoot\microhelper\2\Apps\Admin\Controller\MenuController.class.php 第 13 行.
NOTIC: [8] Undefined index: Label D:\99 CodeBitch\08PHPWebRoot\microhelper\2\Apps\Admin\Model\FunctionsModel.class.php 第 36 行.
NOTIC: [8] Undefined index: Label D:\99 CodeBitch\08PHPWebRoot\microhelper\2\Apps\Admin\Model\FunctionsModel.class.php 第 60 行.
INFO: [ app_end ] --START--
INFO: Run Behavior\ShowPageTraceBehavior [ RunTime:0.000477s ]
INFO: [ app_end ] --END-- [ RunTime:0.000522s ]

[ 2015-12-26T22:04:51+08:00 ] ::1 /microhelper/2/admin/menu/index
INFO: [ app_init ] --START--
INFO: Run Behavior\BuildLiteBehavior [ RunTime:0.000023s ]
INFO: [ app_init ] --END-- [ RunTime:0.000461s ]
INFO: [ app_begin ] --START--
INFO: Run Behavior\ReadHtmlCacheBehavior [ RunTime:0.000688s ]
INFO: [ app_begin ] --END-- [ RunTime:0.000776s ]
NOTIC: [2048] Non-static method Admin\Model\FunctionsModel::GetCityNameByLocation() should not be called statically, assuming $this from incompatible context D:\99 CodeBitch\08PHPWebRoot\microhelper\2\Apps\Admin\Controller\MenuController.class.php 第 13 行.
NOTIC: [8] Undefined index: Label D:\99 CodeBitch\08PHPWebRoot\microhelper\2\Apps\Admin\Model\FunctionsModel.class.php 第 36 行.
NOTIC: [8] Undefined index: Label D:\99 CodeBitch\08PHPWebRoot\microhelper\2\Apps\Admin\Model\FunctionsModel.class.php 第 60 行.
INFO: [ app_end ] --START--
INFO: Run Behavior\ShowPageTraceBehavior [ RunTime:0.000506s ]
INFO: [ app_end ] --END-- [ RunTime:0.000573s ]

[ 2015-12-26T22:08:09+08:00 ] ::1 /microhelper/2/admin/menu/index
INFO: [ app_init ] --START--
INFO: Run Behavior\BuildLiteBehavior [ RunTime:0.000014s ]
INFO: [ app_init ] --END-- [ RunTime:0.000405s ]
INFO: [ app_begin ] --START--
INFO: Run Behavior\ReadHtmlCacheBehavior [ RunTime:0.000544s ]
INFO: [ app_begin ] --END-- [ RunTime:0.000586s ]
NOTIC: [2048] Non-static method Admin\Model\FunctionsModel::GetCityNameByLocation() should not be called statically, assuming $this from incompatible context D:\99 CodeBitch\08PHPWebRoot\microhelper\2\Apps\Admin\Controller\MenuController.class.php 第 13 行.
NOTIC: [8] Trying to get property of non-object D:\99 CodeBitch\08PHPWebRoot\microhelper\2\Apps\Admin\Model\FunctionsModel.class.php 第 33 行.
NOTIC: [8] Trying to get property of non-object D:\99 CodeBitch\08PHPWebRoot\microhelper\2\Apps\Admin\Model\FunctionsModel.class.php 第 54 行.
INFO: [ app_end ] --START--
INFO: Run Behavior\ShowPageTraceBehavior [ RunTime:0.000553s ]
INFO: [ app_end ] --END-- [ RunTime:0.000609s ]

